<?xml version="1.0" encoding="UTF-8"?>
<testng-results skipped="0" failed="0" ignored="0" total="1" passed="1">
  <reporter-output>
  </reporter-output>
  <suite name="Default suite" duration-ms="11343" started-at="2019-03-11T22:04:50Z" finished-at="2019-03-11T22:05:01Z">
    <groups>
    </groups>
    <test name="Default test" duration-ms="11343" started-at="2019-03-11T22:04:50Z" finished-at="2019-03-11T22:05:01Z">
      <class name="testBase.TestBase">
        <test-method status="PASS" signature="init()[pri:0, instance:testBase.TestBase@3aeaafa6]" name="init" duration-ms="11322" started-at="2019-03-11T22:04:50Z" finished-at="2019-03-11T22:05:01Z">
          <reporter-output>
          </reporter-output>
        </test-method> <!-- init -->
        <test-method status="PASS" signature="Teardown()[pri:0, instance:testBase.TestBase@3aeaafa6]" name="Teardown" is-config="true" duration-ms="0" started-at="2019-03-11T22:05:01Z" finished-at="2019-03-11T22:05:01Z">
          <reporter-output>
          </reporter-output>
        </test-method> <!-- Teardown -->
      </class> <!-- testBase.TestBase -->
    </test> <!-- Default test -->
  </suite> <!-- Default suite -->
</testng-results>
