<?xml version="1.0" encoding="UTF-8"?>
<testng-results skipped="0" failed="0" ignored="0" total="1" passed="1">
  <reporter-output>
  </reporter-output>
  <suite name="Default suite" duration-ms="26926" started-at="2019-03-16T23:54:43Z" finished-at="2019-03-16T23:55:10Z">
    <groups>
    </groups>
    <test name="Default test" duration-ms="26926" started-at="2019-03-16T23:54:43Z" finished-at="2019-03-16T23:55:10Z">
      <class name="testUtil.PageLinks">
        <test-method status="PASS" signature="PageLink()[pri:0, instance:testUtil.PageLinks@a38d7a3]" name="PageLink" duration-ms="26900" started-at="2019-03-16T23:54:43Z" finished-at="2019-03-16T23:55:10Z">
          <reporter-output>
          </reporter-output>
        </test-method> <!-- PageLink -->
      </class> <!-- testUtil.PageLinks -->
    </test> <!-- Default test -->
  </suite> <!-- Default suite -->
</testng-results>
